{"version":8,"type":"context-options","origin":"library","browserName":"chromium","playwrightVersion":"1.59.1","options":{"noDefaultViewport":false,"viewport":{"width":1280,"height":720},"ignoreHTTPSErrors":false,"javaScriptEnabled":true,"bypassCSP":false,"userAgent":"Mozilla/5.0 (Windows NT 10.0; Win64; x64) AppleWebKit/537.36 (KHTML, like Gecko) Chrome/147.0.7727.15 Safari/537.36","locale":"en-US","offline":false,"deviceScaleFactor":1,"isMobile":false,"hasTouch":false,"colorScheme":"light","acceptDownloads":"accept","baseURL":"http://127.0.0.1:5173","recordVideo":{"dir":"C:\\Users\\VISHAL\\Desktop\\20-12-2025\\All_full_stack_preparation\\expo\\Agentic ai Data analytics\\reports\\playwright-artifacts\\.playwright-artifacts-9"},"serviceWorkers":"allow","selectorEngines":[],"testIdAttributeName":"data-testid"},"platform":"win32","wallTime":1780666516286,"monotonicTime":109391.566,"sdkLanguage":"javascript","testIdAttributeName":"data-testid","contextId":"browser-context@2dd912125b860c496c274f0ce784eae4","title":"upload-dashboard-flow.spec.ts:5 › E2E Upload and dashboard generation flow"}
{"type":"before","callId":"call@6","startTime":109405.181,"class":"BrowserContext","method":"newPage","params":{},"stepId":"pw:api@34"}
{"type":"event","time":110446.927,"class":"BrowserContext","method":"page","params":{"pageId":"page@8fbe154c866811f5b42036222c012df6"}}
{"type":"after","callId":"call@6","endTime":110447.16,"result":{"page":"<Page>"}}
{"type":"before","callId":"call@8","startTime":110467.86,"title":"Route requests","class":"Page","method":"setNetworkInterceptionPatterns","params":{"patterns":[{"glob":"**/*"}]},"stepId":"pw:api@35","pageId":"page@8fbe154c866811f5b42036222c012df6"}
{"type":"after","callId":"call@8","endTime":110471.166}
{"type":"before","callId":"call@10","startTime":110477.433,"class":"Frame","method":"goto","params":{"url":"/upload","timeout":0,"waitUntil":"domcontentloaded"},"stepId":"pw:api@36","pageId":"page@8fbe154c866811f5b42036222c012df6","beforeSnapshot":"before@call@10"}
{"type":"frame-snapshot","snapshot":{"callId":"call@10","snapshotName":"before@call@10","pageId":"page@8fbe154c866811f5b42036222c012df6","frameId":"frame@2ad1c9d400c85d5587648170e57740ba","frameUrl":"about:blank","html":["HTML",{},["HEAD",{},["BASE",{"href":"about:blank"}]],["BODY"]],"viewport":{"width":1280,"height":720},"timestamp":110488.207,"wallTime":1780666517382,"collectionTime":1.5,"resourceOverrides":[],"isMainFrame":true}}
{"type":"log","callId":"call@10","time":110494.072,"message":"navigating to \"http://127.0.0.1:5173/upload\", waiting until \"domcontentloaded\""}
{"type":"screencast-frame","pageId":"page@8fbe154c866811f5b42036222c012df6","sha1":"page@8fbe154c866811f5b42036222c012df6-1780666517420.jpeg","width":1280,"height":720,"timestamp":110525.178,"frameSwapWallTime":1780666517393.2852}
{"type":"before","callId":"call@12","startTime":110526.96,"class":"Route","method":"continue","params":{"isFallback":false},"stepId":"pw:api@37","pageId":"page@8fbe154c866811f5b42036222c012df6"}
{"type":"after","callId":"call@12","endTime":110528.977}
{"type":"before","callId":"call@14","startTime":110604.086,"class":"Route","method":"continue","params":{"isFallback":false},"stepId":"pw:api@38","pageId":"page@8fbe154c866811f5b42036222c012df6"}
{"type":"before","callId":"call@16","startTime":110605.375,"class":"Route","method":"continue","params":{"isFallback":false},"stepId":"pw:api@39","pageId":"page@8fbe154c866811f5b42036222c012df6"}
{"type":"before","callId":"call@18","startTime":110619.022,"class":"Route","method":"continue","params":{"isFallback":false},"stepId":"pw:api@40","pageId":"page@8fbe154c866811f5b42036222c012df6"}
{"type":"after","callId":"call@14","endTime":110619.687}
{"type":"after","callId":"call@16","endTime":110619.9}
{"type":"screencast-frame","pageId":"page@8fbe154c866811f5b42036222c012df6","sha1":"page@8fbe154c866811f5b42036222c012df6-1780666517516.jpeg","width":1280,"height":720,"timestamp":110621.61,"frameSwapWallTime":1780666517502.405}
{"type":"after","callId":"call@18","endTime":110626.225}
{"type":"before","callId":"call@20","startTime":110719.79,"class":"Route","method":"continue","params":{"isFallback":false},"stepId":"pw:api@41","pageId":"page@8fbe154c866811f5b42036222c012df6"}
{"type":"before","callId":"call@22","startTime":110720.983,"class":"Route","method":"continue","params":{"isFallback":false},"stepId":"pw:api@42","pageId":"page@8fbe154c866811f5b42036222c012df6"}
{"type":"before","callId":"call@24","startTime":110721.47,"class":"Route","method":"continue","params":{"isFallback":false},"stepId":"pw:api@43","pageId":"page@8fbe154c866811f5b42036222c012df6"}
{"type":"before","callId":"call@26","startTime":110733.096,"class":"Route","method":"continue","params":{"isFallback":false},"stepId":"pw:api@44","pageId":"page@8fbe154c866811f5b42036222c012df6"}
{"type":"before","callId":"call@28","startTime":110733.548,"class":"Route","method":"continue","params":{"isFallback":false},"stepId":"pw:api@45","pageId":"page@8fbe154c866811f5b42036222c012df6"}
{"type":"after","callId":"call@20","endTime":110735.121}
{"type":"after","callId":"call@22","endTime":110735.337}
{"type":"after","callId":"call@24","endTime":110735.441}
{"type":"after","callId":"call@26","endTime":110736.401}
{"type":"after","callId":"call@28","endTime":110736.547}
{"type":"console","messageType":"debug","text":"[vite] connecting...","args":[{"preview":"[vite] connecting...","value":"[vite] connecting..."}],"location":{"url":"http://127.0.0.1:5173/@vite/client","lineNumber":494,"columnNumber":8},"time":110772.322,"pageId":"page@8fbe154c866811f5b42036222c012df6"}
{"type":"before","callId":"call@30","startTime":110778.271,"class":"Route","method":"continue","params":{"isFallback":false},"stepId":"pw:api@46","pageId":"page@8fbe154c866811f5b42036222c012df6"}
{"type":"before","callId":"call@32","startTime":110778.915,"class":"Route","method":"continue","params":{"isFallback":false},"stepId":"pw:api@47","pageId":"page@8fbe154c866811f5b42036222c012df6"}
{"type":"before","callId":"call@34","startTime":110779.18,"class":"Route","method":"continue","params":{"isFallback":false},"stepId":"pw:api@48","pageId":"page@8fbe154c866811f5b42036222c012df6"}
{"type":"console","messageType":"debug","text":"[vite] connected.","args":[{"preview":"[vite] connected.","value":"[vite] connected."}],"location":{"url":"http://127.0.0.1:5173/@vite/client","lineNumber":617,"columnNumber":14},"time":110784.475,"pageId":"page@8fbe154c866811f5b42036222c012df6"}
{"type":"before","callId":"call@36","startTime":110802.875,"class":"Route","method":"continue","params":{"isFallback":false},"stepId":"pw:api@49","pageId":"page@8fbe154c866811f5b42036222c012df6"}
{"type":"before","callId":"call@38","startTime":110803.485,"class":"Route","method":"continue","params":{"isFallback":false},"stepId":"pw:api@50","pageId":"page@8fbe154c866811f5b42036222c012df6"}
{"type":"after","callId":"call@30","endTime":110803.73}
{"type":"after","callId":"call@32","endTime":110857.575}
{"type":"after","callId":"call@34","endTime":110857.807}
{"type":"after","callId":"call@36","endTime":110936.691}
{"type":"after","callId":"call@38","endTime":110936.978}
{"type":"before","callId":"call@40","startTime":111177.917,"class":"Route","method":"continue","params":{"isFallback":false},"stepId":"pw:api@51","pageId":"page@8fbe154c866811f5b42036222c012df6"}
{"type":"before","callId":"call@42","startTime":111178.31,"class":"Route","method":"continue","params":{"isFallback":false},"stepId":"pw:api@52","pageId":"page@8fbe154c866811f5b42036222c012df6"}
{"type":"before","callId":"call@44","startTime":111178.598,"class":"Route","method":"continue","params":{"isFallback":false},"stepId":"pw:api@53","pageId":"page@8fbe154c866811f5b42036222c012df6"}
{"type":"before","callId":"call@46","startTime":111178.797,"class":"Route","method":"continue","params":{"isFallback":false},"stepId":"pw:api@54","pageId":"page@8fbe154c866811f5b42036222c012df6"}
{"type":"before","callId":"call@48","startTime":111178.994,"class":"Route","method":"continue","params":{"isFallback":false},"stepId":"pw:api@55","pageId":"page@8fbe154c866811f5b42036222c012df6"}
{"type":"before","callId":"call@50","startTime":111179.167,"class":"Route","method":"continue","params":{"isFallback":false},"stepId":"pw:api@56","pageId":"page@8fbe154c866811f5b42036222c012df6"}
{"type":"before","callId":"call@52","startTime":111179.287,"class":"Route","method":"continue","params":{"isFallback":false},"stepId":"pw:api@57","pageId":"page@8fbe154c866811f5b42036222c012df6"}
{"type":"before","callId":"call@54","startTime":111179.401,"class":"Route","method":"continue","params":{"isFallback":false},"stepId":"pw:api@58","pageId":"page@8fbe154c866811f5b42036222c012df6"}
{"type":"before","callId":"call@56","startTime":111179.598,"class":"Route","method":"continue","params":{"isFallback":false},"stepId":"pw:api@59","pageId":"page@8fbe154c866811f5b42036222c012df6"}
{"type":"before","callId":"call@58","startTime":111179.728,"class":"Route","method":"continue","params":{"isFallback":false},"stepId":"pw:api@60","pageId":"page@8fbe154c866811f5b42036222c012df6"}
{"type":"before","callId":"call@60","startTime":111179.842,"class":"Route","method":"continue","params":{"isFallback":false},"stepId":"pw:api@61","pageId":"page@8fbe154c866811f5b42036222c012df6"}
{"type":"after","callId":"call@40","endTime":111472.558}
{"type":"after","callId":"call@42","endTime":111472.702}
{"type":"after","callId":"call@44","endTime":111473.376}
{"type":"after","callId":"call@46","endTime":111473.449}
{"type":"after","callId":"call@48","endTime":111473.481}
{"type":"after","callId":"call@50","endTime":111473.506}
{"type":"after","callId":"call@52","endTime":111473.53}
{"type":"after","callId":"call@54","endTime":111473.558}
{"type":"after","callId":"call@56","endTime":111473.582}
{"type":"after","callId":"call@58","endTime":111473.627}
{"type":"after","callId":"call@60","endTime":111473.737}
{"type":"before","callId":"call@62","startTime":112097.817,"class":"Route","method":"continue","params":{"isFallback":false},"stepId":"pw:api@62","pageId":"page@8fbe154c866811f5b42036222c012df6"}
{"type":"before","callId":"call@64","startTime":112098.949,"class":"Route","method":"continue","params":{"isFallback":false},"stepId":"pw:api@63","pageId":"page@8fbe154c866811f5b42036222c012df6"}
{"type":"before","callId":"call@66","startTime":112130.783,"class":"Route","method":"continue","params":{"isFallback":false},"stepId":"pw:api@64","pageId":"page@8fbe154c866811f5b42036222c012df6"}
{"type":"before","callId":"call@68","startTime":112131.906,"class":"Route","method":"continue","params":{"isFallback":false},"stepId":"pw:api@65","pageId":"page@8fbe154c866811f5b42036222c012df6"}
{"type":"before","callId":"call@70","startTime":112132.542,"class":"Route","method":"continue","params":{"isFallback":false},"stepId":"pw:api@66","pageId":"page@8fbe154c866811f5b42036222c012df6"}
{"type":"before","callId":"call@72","startTime":112133.067,"class":"Route","method":"continue","params":{"isFallback":false},"stepId":"pw:api@67","pageId":"page@8fbe154c866811f5b42036222c012df6"}
{"type":"before","callId":"call@74","startTime":112133.361,"class":"Route","method":"continue","params":{"isFallback":false},"stepId":"pw:api@68","pageId":"page@8fbe154c866811f5b42036222c012df6"}
{"type":"after","callId":"call@62","endTime":112133.512}
{"type":"after","callId":"call@64","endTime":112133.601}
{"type":"before","callId":"call@76","startTime":112289.426,"class":"Route","method":"continue","params":{"isFallback":false},"stepId":"pw:api@69","pageId":"page@8fbe154c866811f5b42036222c012df6"}
{"type":"before","callId":"call@78","startTime":112289.885,"class":"Route","method":"continue","params":{"isFallback":false},"stepId":"pw:api@70","pageId":"page@8fbe154c866811f5b42036222c012df6"}
{"type":"before","callId":"call@80","startTime":112292.084,"class":"Route","method":"continue","params":{"isFallback":false},"stepId":"pw:api@71","pageId":"page@8fbe154c866811f5b42036222c012df6"}
{"type":"before","callId":"call@82","startTime":112292.317,"class":"Route","method":"continue","params":{"isFallback":false},"stepId":"pw:api@72","pageId":"page@8fbe154c866811f5b42036222c012df6"}
{"type":"before","callId":"call@84","startTime":112292.49,"class":"Route","method":"continue","params":{"isFallback":false},"stepId":"pw:api@73","pageId":"page@8fbe154c866811f5b42036222c012df6"}
{"type":"before","callId":"call@86","startTime":112292.769,"class":"Route","method":"continue","params":{"isFallback":false},"stepId":"pw:api@74","pageId":"page@8fbe154c866811f5b42036222c012df6"}
{"type":"before","callId":"call@88","startTime":112292.977,"class":"Route","method":"continue","params":{"isFallback":false},"stepId":"pw:api@75","pageId":"page@8fbe154c866811f5b42036222c012df6"}
{"type":"before","callId":"call@90","startTime":112293.158,"class":"Route","method":"continue","params":{"isFallback":false},"stepId":"pw:api@76","pageId":"page@8fbe154c866811f5b42036222c012df6"}
{"type":"before","callId":"call@92","startTime":112293.29,"class":"Route","method":"continue","params":{"isFallback":false},"stepId":"pw:api@77","pageId":"page@8fbe154c866811f5b42036222c012df6"}
{"type":"before","callId":"call@94","startTime":112293.4,"class":"Route","method":"continue","params":{"isFallback":false},"stepId":"pw:api@78","pageId":"page@8fbe154c866811f5b42036222c012df6"}
{"type":"before","callId":"call@96","startTime":112293.508,"class":"Route","method":"continue","params":{"isFallback":false},"stepId":"pw:api@79","pageId":"page@8fbe154c866811f5b42036222c012df6"}
{"type":"before","callId":"call@98","startTime":112293.62,"class":"Route","method":"continue","params":{"isFallback":false},"stepId":"pw:api@80","pageId":"page@8fbe154c866811f5b42036222c012df6"}
{"type":"before","callId":"call@100","startTime":112293.726,"class":"Route","method":"continue","params":{"isFallback":false},"stepId":"pw:api@81","pageId":"page@8fbe154c866811f5b42036222c012df6"}
{"type":"before","callId":"call@102","startTime":112293.826,"class":"Route","method":"continue","params":{"isFallback":false},"stepId":"pw:api@82","pageId":"page@8fbe154c866811f5b42036222c012df6"}
{"type":"before","callId":"call@104","startTime":112293.998,"class":"Route","method":"continue","params":{"isFallback":false},"stepId":"pw:api@83","pageId":"page@8fbe154c866811f5b42036222c012df6"}
{"type":"after","callId":"call@66","endTime":112294.128}
{"type":"after","callId":"call@68","endTime":112294.191}
{"type":"after","callId":"call@70","endTime":112294.216}
{"type":"after","callId":"call@72","endTime":112294.241}
{"type":"after","callId":"call@74","endTime":112294.264}
{"type":"after","callId":"call@76","endTime":112375.568}
{"type":"after","callId":"call@78","endTime":112375.763}
{"type":"after","callId":"call@80","endTime":112375.801}
{"type":"after","callId":"call@82","endTime":112375.828}
{"type":"after","callId":"call@84","endTime":112375.85}
{"type":"after","callId":"call@86","endTime":112375.879}
{"type":"after","callId":"call@88","endTime":112375.903}
{"type":"after","callId":"call@90","endTime":112375.924}
{"type":"after","callId":"call@92","endTime":112375.948}
{"type":"after","callId":"call@94","endTime":112375.983}
{"type":"after","callId":"call@96","endTime":112376.009}
{"type":"after","callId":"call@98","endTime":112376.03}
{"type":"after","callId":"call@100","endTime":112376.052}
{"type":"after","callId":"call@102","endTime":112376.074}
{"type":"after","callId":"call@104","endTime":112376.099}
{"type":"before","callId":"call@106","startTime":112392.897,"class":"Route","method":"continue","params":{"isFallback":false},"stepId":"pw:api@84","pageId":"page@8fbe154c866811f5b42036222c012df6"}
{"type":"before","callId":"call@108","startTime":112393.252,"class":"Route","method":"continue","params":{"isFallback":false},"stepId":"pw:api@85","pageId":"page@8fbe154c866811f5b42036222c012df6"}
{"type":"after","callId":"call@106","endTime":112442.375}
{"type":"after","callId":"call@108","endTime":112442.444}
{"type":"before","callId":"call@110","startTime":112446.882,"class":"Route","method":"continue","params":{"isFallback":false},"stepId":"pw:api@86","pageId":"page@8fbe154c866811f5b42036222c012df6"}
{"type":"before","callId":"call@112","startTime":112546.732,"class":"Route","method":"continue","params":{"isFallback":false},"stepId":"pw:api@87","pageId":"page@8fbe154c866811f5b42036222c012df6"}
{"type":"before","callId":"call@114","startTime":112550.203,"class":"Route","method":"continue","params":{"isFallback":false},"stepId":"pw:api@88","pageId":"page@8fbe154c866811f5b42036222c012df6"}
{"type":"before","callId":"call@116","startTime":112560.334,"class":"Route","method":"continue","params":{"isFallback":false},"stepId":"pw:api@89","pageId":"page@8fbe154c866811f5b42036222c012df6"}
{"type":"before","callId":"call@118","startTime":112560.622,"class":"Route","method":"continue","params":{"isFallback":false},"stepId":"pw:api@90","pageId":"page@8fbe154c866811f5b42036222c012df6"}
{"type":"before","callId":"call@120","startTime":112563.535,"class":"Route","method":"continue","params":{"isFallback":false},"stepId":"pw:api@91","pageId":"page@8fbe154c866811f5b42036222c012df6"}
{"type":"before","callId":"call@122","startTime":112564.134,"class":"Route","method":"continue","params":{"isFallback":false},"stepId":"pw:api@92","pageId":"page@8fbe154c866811f5b42036222c012df6"}
{"type":"before","callId":"call@124","startTime":112612.798,"class":"Route","method":"continue","params":{"isFallback":false},"stepId":"pw:api@93","pageId":"page@8fbe154c866811f5b42036222c012df6"}
{"type":"after","callId":"call@110","endTime":112613.18}
